<?xml version="1.0" encoding="UTF-8"?>
<!-- Generated by org.testng.reporters.JUnitReportReporter -->
<testsuite skipped="0" hostname="DESKTOP-6S7G24D" name="testscripts.AmazonAppTest" tests="1" failures="0" timestamp="05 Jan 2021 16:42:50 GMT" time="8.665" errors="0">
  <testcase name="sendMessageTest" time="8.665" classname="testscripts.AmazonAppTest"/>
</testsuite> <!-- testscripts.AmazonAppTest -->
