<?xml version="1.0" encoding="UTF-8"?>
<!-- Generated by org.testng.reporters.JUnitReportReporter -->
<testsuite hostname="DESKTOP-L8VPHJS" failures="0" tests="1" name="testscripts.DragAndDropTest" time="5.699" errors="0" timestamp="2024-08-28T19:34:49 IST" skipped="0">
  <testcase classname="testscripts.DragAndDropTest" name="dragAndDropTest" time="5.699"/>
  <system-out/>
</testsuite> <!-- testscripts.DragAndDropTest -->
