<?xml version="1.0" encoding="UTF-8"?>
<!-- Generated by org.testng.reporters.JUnitReportReporter -->
<testsuite hostname="DESKTOP-L8VPHJS" failures="0" tests="1" name="testscripts.CalculatorTest" time="3.335" errors="0" timestamp="2024-08-22T19:17:57 IST" skipped="0">
  <testcase classname="testscripts.CalculatorTest" name="testAddition" time="3.335"/>
  <system-out/>
</testsuite> <!-- testscripts.CalculatorTest -->
