<?xml version="1.0" encoding="UTF-8"?>
<!-- Generated by org.testng.reporters.JUnitReportReporter -->
<testsuite skipped="0" hostname="DESKTOP-6S7G24D" name="base.EmulatorTestBase" tests="1" failures="0" timestamp="20 Aug 2021 05:54:38 GMT" time="2.399" errors="0">
  <testcase name="click_App_Button" time="2.399" classname="base.EmulatorTestBase"/>
</testsuite> <!-- base.EmulatorTestBase -->
