<?xml version="1.0" encoding="UTF-8"?>
<!-- Generated by org.testng.reporters.JUnitReportReporter -->
<testsuite hostname="DESKTOP-L8VPHJS" failures="0" tests="1" name="testscripts.SampleHybridTest" time="25.065" errors="0" timestamp="2024-09-02T22:36:57 IST" skipped="0">
  <testcase classname="testscripts.SampleHybridTest" name="nativeToWebToNative" time="25.065"/>
  <system-out/>
</testsuite> <!-- testscripts.SampleHybridTest -->
