<?xml version="1.0" encoding="UTF-8"?>
<!-- Generated by org.testng.reporters.JUnitReportReporter -->
<testsuite skipped="0" hostname="DESKTOP-6S7G24D" name="testscripts.RealDevApkTest" tests="1" failures="0" timestamp="27 Dec 2020 11:35:21 GMT" time="0.005" errors="0">
  <testcase name="installIndiaMartTest" time="0.005" classname="testscripts.RealDevApkTest"/>
</testsuite> <!-- testscripts.RealDevApkTest -->
