<?xml version="1.0" encoding="UTF-8"?>
<!-- Generated by org.testng.reporters.JUnitReportReporter -->
<testsuite hostname="DESKTOP-L8VPHJS" failures="0" tests="1" name="testscripts.HybridAppTest" time="44.182" errors="0" timestamp="2022-02-14T16:51:41 IST" skipped="0">
  <testcase classname="testscripts.HybridAppTest" name="appTest" time="44.182"/>
  <system-out/>
</testsuite> <!-- testscripts.HybridAppTest -->
