<?xml version="1.0" encoding="UTF-8"?>
<!-- Generated by org.testng.reporters.JUnitReportReporter -->
<testsuite hostname="DESKTOP-L8VPHJS" failures="0" tests="1" name="testscripts.ContactTest" time="13.913" errors="0" timestamp="2022-02-13T19:39:25 IST" skipped="0">
  <testcase classname="testscripts.ContactTest" name="addContact" time="13.913"/>
  <system-out/>
</testsuite> <!-- testscripts.ContactTest -->
