<?xml version="1.0" encoding="UTF-8"?>
<!-- Generated by org.testng.reporters.JUnitReportReporter -->
<testsuite skipped="0" hostname="DESKTOP-6S7G24D" name="ecommTestScripts.EcommTest" tests="1" failures="0" timestamp="03 Jan 2021 13:10:28 GMT" time="7.675" errors="0">
  <testcase name="loginTest" time="7.675" classname="ecommTestScripts.EcommTest"/>
</testsuite> <!-- ecommTestScripts.EcommTest -->
