<?xml version="1.0" encoding="UTF-8"?>
<!-- Generated by org.testng.reporters.JUnitReportReporter -->
<testsuite hostname="DESKTOP-L8VPHJS" failures="0" tests="1" name="testscripts.ChromeTest" time="10.762" errors="0" timestamp="2024-09-05T11:32:56 IST" skipped="0">
  <testcase classname="testscripts.ChromeTest" name="loginTest" time="10.762"/>
  <system-out/>
</testsuite> <!-- testscripts.ChromeTest -->
