<?xml version="1.0" encoding="UTF-8"?>
<!-- Generated by org.testng.reporters.JUnitReportReporter -->
<testsuite hostname="DESKTOP-L8VPHJS" failures="0" tests="1" name="testscripts.SwipeTest" time="23.515" errors="0" timestamp="2024-08-27T17:04:02 IST" skipped="0">
  <testcase classname="testscripts.SwipeTest" name="swipeMe" time="23.515"/>
  <system-out/>
</testsuite> <!-- testscripts.SwipeTest -->
