<?xml version="1.0" encoding="UTF-8"?>
<!-- Generated by org.testng.reporters.JUnitReportReporter -->
<testsuite hostname="DESKTOP-L8VPHJS" failures="0" tests="1" name="testscripts.UIElementsLatestTest" time="21.067" errors="0" timestamp="2024-08-28T21:55:53 IST" skipped="0">
  <testcase classname="testscripts.UIElementsLatestTest" name="emulatorChkBoxTest" time="21.067"/>
  <system-out/>
</testsuite> <!-- testscripts.UIElementsLatestTest -->
