<?xml version="1.0" encoding="UTF-8"?>
<!-- Generated by org.testng.reporters.JUnitReportReporter -->
<testsuite hostname="DESKTOP-L8VPHJS" failures="0" tests="1" name="testscripts.UiElementsLatest" time="24.098" errors="0" timestamp="2024-08-26T22:06:31 IST" skipped="0">
  <testcase classname="testscripts.UiElementsLatest" name="emulatorVerticalScrollTest" time="24.098"/>
  <system-out/>
</testsuite> <!-- testscripts.UiElementsLatest -->
