<?xml version="1.0" encoding="UTF-8"?>
<!-- Generated by org.testng.reporters.JUnitReportReporter -->
<testsuite skipped="0" hostname="DESKTOP-6S7G24D" name="testscripts.FirstRealDevSample" tests="1" failures="0" timestamp="07 Aug 2021 16:28:27 GMT" time="3.886" errors="1">
  <testcase name="click_App_Button" time="3.886" classname="testscripts.FirstRealDevSample">
    <error type="org.openqa.selenium.UnsupportedCommandException" message="The requested resource could not be found, or a request was received using an HTTP method that is not supported by the mapped resource
Build info: version: &#039;3.141.59&#039;, revision: &#039;e82be7d358&#039;, time: &#039;2018-11-14T08:17:03&#039;
System info: host: &#039;DESKTOP-6S7G24D&#039;, ip: &#039;192.168.56.1&#039;, os.name: &#039;Windows 10&#039;, os.arch: &#039;amd64&#039;, os.version: &#039;10.0&#039;, java.version: &#039;1.8.0_202&#039;
Driver info: io.appium.java_client.android.AndroidDriver
Capabilities {app: F:\AndroidDemoApk\ApiDemos.apk, appPackage: io.appium.android.apis, databaseEnabled: false, desired: {app: F:\AndroidDemoApk\ApiDemos.apk, deviceName: 9026T, platformName: android, platformVersion: 7.0, udid: LBFYHEPN7LGASKQS}, deviceApiLevel: 24, deviceManufacturer: TCL, deviceModel: 9026T, deviceName: LBFYHEPN7LGASKQS, deviceScreenDensity: 160, deviceScreenSize: 800x1280, deviceUDID: LBFYHEPN7LGASKQS, javascriptEnabled: true, locationContextEnabled: false, networkConnectionEnabled: true, pixelRatio: 1, platform: LINUX, platformName: Android, platformVersion: 7.0, statBarHeight: 24, takesScreenshot: true, udid: LBFYHEPN7LGASKQS, viewportRect: {height: 1208, left: 0, top: 24, width: 800}, warnings: {}, webStorageEnabled: false}
Session ID: c371f71e-06b1-4c7d-876f-e63ed18952ab">
      <![CDATA[org.openqa.selenium.UnsupportedCommandException: The requested resource could not be found, or a request was received using an HTTP method that is not supported by the mapped resource
Build info: version: '3.141.59', revision: 'e82be7d358', time: '2018-11-14T08:17:03'
System info: host: 'DESKTOP-6S7G24D', ip: '192.168.56.1', os.name: 'Windows 10', os.arch: 'amd64', os.version: '10.0', java.version: '1.8.0_202'
Driver info: io.appium.java_client.android.AndroidDriver
Capabilities {app: F:\AndroidDemoApk\ApiDemos.apk, appPackage: io.appium.android.apis, databaseEnabled: false, desired: {app: F:\AndroidDemoApk\ApiDemos.apk, deviceName: 9026T, platformName: android, platformVersion: 7.0, udid: LBFYHEPN7LGASKQS}, deviceApiLevel: 24, deviceManufacturer: TCL, deviceModel: 9026T, deviceName: LBFYHEPN7LGASKQS, deviceScreenDensity: 160, deviceScreenSize: 800x1280, deviceUDID: LBFYHEPN7LGASKQS, javascriptEnabled: true, locationContextEnabled: false, networkConnectionEnabled: true, pixelRatio: 1, platform: LINUX, platformName: Android, platformVersion: 7.0, statBarHeight: 24, takesScreenshot: true, udid: LBFYHEPN7LGASKQS, viewportRect: {height: 1208, left: 0, top: 24, width: 800}, warnings: {}, webStorageEnabled: false}
Session ID: c371f71e-06b1-4c7d-876f-e63ed18952ab
at sun.reflect.NativeConstructorAccessorImpl.newInstance0(Native Method)
at sun.reflect.NativeConstructorAccessorImpl.newInstance(NativeConstructorAccessorImpl.java:62)
at sun.reflect.DelegatingConstructorAccessorImpl.newInstance(DelegatingConstructorAccessorImpl.java:45)
at java.lang.reflect.Constructor.newInstance(Constructor.java:423)
at org.openqa.selenium.remote.http.W3CHttpResponseCodec.createException(W3CHttpResponseCodec.java:187)
at org.openqa.selenium.remote.http.W3CHttpResponseCodec.decode(W3CHttpResponseCodec.java:122)
at org.openqa.selenium.remote.http.W3CHttpResponseCodec.decode(W3CHttpResponseCodec.java:49)
at org.openqa.selenium.remote.HttpCommandExecutor.execute(HttpCommandExecutor.java:158)
at io.appium.java_client.remote.AppiumCommandExecutor.execute(AppiumCommandExecutor.java:239)
at org.openqa.selenium.remote.RemoteWebDriver.execute(RemoteWebDriver.java:552)
at io.appium.java_client.DefaultGenericMobileDriver.execute(DefaultGenericMobileDriver.java:46)
at io.appium.java_client.AppiumDriver.execute(AppiumDriver.java:1)
at io.appium.java_client.android.AndroidDriver.execute(AndroidDriver.java:1)
at org.openqa.selenium.remote.RemoteWebDriver.getTitle(RemoteWebDriver.java:281)
at testscripts.FirstRealDevSample.click_App_Button(FirstRealDevSample.java:38)
at sun.reflect.NativeMethodAccessorImpl.invoke0(Native Method)
at sun.reflect.NativeMethodAccessorImpl.invoke(NativeMethodAccessorImpl.java:62)
at sun.reflect.DelegatingMethodAccessorImpl.invoke(DelegatingMethodAccessorImpl.java:43)
at java.lang.reflect.Method.invoke(Method.java:498)
at org.testng.internal.MethodInvocationHelper.invokeMethod(MethodInvocationHelper.java:124)
at org.testng.internal.Invoker.invokeMethod(Invoker.java:583)
at org.testng.internal.Invoker.invokeTestMethod(Invoker.java:719)
at org.testng.internal.Invoker.invokeTestMethods(Invoker.java:989)
at org.testng.internal.TestMethodWorker.invokeTestMethods(TestMethodWorker.java:125)
at org.testng.internal.TestMethodWorker.run(TestMethodWorker.java:109)
at org.testng.TestRunner.privateRun(TestRunner.java:648)
at org.testng.TestRunner.run(TestRunner.java:505)
at org.testng.SuiteRunner.runTest(SuiteRunner.java:455)
at org.testng.SuiteRunner.runSequentially(SuiteRunner.java:450)
at org.testng.SuiteRunner.privateRun(SuiteRunner.java:415)
at org.testng.SuiteRunner.run(SuiteRunner.java:364)
at org.testng.SuiteRunnerWorker.runSuite(SuiteRunnerWorker.java:52)
at org.testng.SuiteRunnerWorker.run(SuiteRunnerWorker.java:84)
at org.testng.TestNG.runSuitesSequentially(TestNG.java:1208)
at org.testng.TestNG.runSuitesLocally(TestNG.java:1137)
at org.testng.TestNG.runSuites(TestNG.java:1049)
at org.testng.TestNG.run(TestNG.java:1017)
at org.testng.remote.AbstractRemoteTestNG.run(AbstractRemoteTestNG.java:115)
at org.testng.remote.RemoteTestNG.initAndRun(RemoteTestNG.java:251)
at org.testng.remote.RemoteTestNG.main(RemoteTestNG.java:77)
]]>
    </error>
  </testcase> <!-- click_App_Button -->
</testsuite> <!-- testscripts.FirstRealDevSample -->
