<?xml version="1.0" encoding="UTF-8"?>
<!-- Generated by org.testng.reporters.JUnitReportReporter -->
<testsuite hostname="DESKTOP-L8VPHJS" failures="0" tests="1" name="testscripts.PageScrollTest" time="65.598" errors="0" timestamp="2024-09-04T12:17:36 IST" skipped="0">
  <testcase classname="testscripts.PageScrollTest" name="verticalScrollTest" time="65.598"/>
  <system-out/>
</testsuite> <!-- testscripts.PageScrollTest -->
