<?xml version="1.0" encoding="UTF-8"?>
<!-- Generated by org.testng.reporters.JUnitReportReporter -->
<testsuite hostname="DESKTOP-L8VPHJS" failures="0" tests="1" name="testscripts.ChromeTest" time="17.193" errors="0" timestamp="2024-09-05T11:35:50 IST" skipped="0">
  <testcase classname="testscripts.ChromeTest" name="loginTest" time="17.193"/>
</testsuite> <!-- testscripts.ChromeTest -->
